lerna(info)    Lerna v2.0.0-beta.30
lerna(info)    Independent Versioning Mode
lerna(debug)   Attempting running RunCommand.initialize
lerna(debug)   Successfully ran RunCommand.initialize
lerna(debug)   Attempting running RunCommand.execute
lerna(info)    
> YunUI-toast@1.0.0 test /Users/Hysky/Documents/Kingdee/Code/CloudHubUI/packages/toast
> print 'test'


lerna(error)   Errored while running npm script 'test' in 'YunUI-toast'
    Error: Command failed: npm run test 
    sh: print: command not found
    
    npm ERR! Darwin 16.0.0
    npm ERR! argv "/Users/Hysky/.nvm/versions/node/v6.0.0/bin/node" "/Users/Hysky/.nvm/versions/node/v6.0.0/bin/npm" "run" "test"
    npm ERR! node v6.0.0
    npm ERR! npm  v3.8.6
    npm ERR! file sh
    npm ERR! code ELIFECYCLE
    npm ERR! errno ENOENT
    npm ERR! syscall spawn
    npm ERR! YunUI-toast@1.0.0 test: `print 'test'`
    npm ERR! spawn ENOENT
    npm ERR! 
    npm ERR! Failed at the YunUI-toast@1.0.0 test script 'print 'test''.
    npm ERR! Make sure you have the latest version of node.js and npm installed.
    npm ERR! If you do, this is most likely a problem with the YunUI-toast package,
    npm ERR! not with npm itself.
    npm ERR! Tell the author that this fails on your system:
    npm ERR!     print 'test'
    npm ERR! You can get information on how to open an issue for this project with:
    npm ERR!     npm bugs YunUI-toast
    npm ERR! Or if that isn't available, you can get their info via:
    npm ERR!     npm owner ls YunUI-toast
    npm ERR! There is likely additional logging output above.
    npm WARN Local package.json exists, but node_modules missing, did you mean to install?
    
    npm ERR! Please include the following file with any support request:
    npm ERR!     /Users/Hysky/Documents/Kingdee/Code/CloudHubUI/packages/toast/npm-debug.log
    
        at ChildProcess.exithandler (child_process.js:202:12)
        at emitTwo (events.js:106:13)
        at ChildProcess.emit (events.js:191:7)
        at maybeClose (internal/child_process.js:850:16)
        at Socket.<anonymous> (internal/child_process.js:323:11)
        at emitOne (events.js:96:13)
        at Socket.emit (events.js:188:7)
        at Pipe._handle.close [as _onclose] (net.js:485:12)
lerna(error)   Errored while running RunCommand.execute
